<?xml version="1.0" encoding="UTF-8"?>
<!-- Generated by org.testng.reporters.JUnitReportReporter -->
<testsuite hostname="DaBeast" failures="0" tests="2" name="com.paylocity.test.login.LoginTest" time="2.453" errors="0" timestamp="2024-10-24T10:31:21 EDT" skipped="0">
  <testcase classname="com.paylocity.test.login.LoginTest" name="testLoginWithAValidId" time="1.814"/>
  <testcase classname="com.paylocity.test.login.LoginTest" name="testLoginErrorMessage" time="0.639"/>
</testsuite> <!-- com.paylocity.test.login.LoginTest -->
