<?xml version="1.0" encoding="UTF-8"?>
<!-- Generated by org.testng.reporters.JUnitReportReporter -->
<testsuite hostname="DaBeast" failures="0" tests="1" name="com.paylocity.test.login.LoginTest" time="4.509" errors="0" timestamp="2024-10-24T09:35:11 EDT" skipped="0">
  <testcase classname="com.paylocity.test.login.LoginTest" name="testLoginErrorMessage" time="4.509"/>
</testsuite> <!-- com.paylocity.test.login.LoginTest -->
